2019-09-09 17:33:15.8875	DEBUG	Starting CSV ingestion.	CIDER.LoadIO.FileIO.ReadCSV	TestMethodCommand.Execute => TestMethodCommand.RunTestMethod => TestMethodCommand.RunNonAsyncTestMethod => MethodWrapper.Invoke => Reflect.InvokeMethod => RuntimeMethodInfo.Invoke => RuntimeMethodInfo.UnsafeInvokeInternal => RuntimeMethodHandle.InvokeMethod => FileIOUnitTests.ReadCSV_WhenCalled_CorrectDate => FileIO.ReadCSV		
2019-09-09 17:33:15.9015	ERROR	Couldn't Convert to float	CIDER.LoadIO.FileIO.ReadCSV	TestMethodCommand.Execute => TestMethodCommand.RunTestMethod => TestMethodCommand.RunNonAsyncTestMethod => MethodWrapper.Invoke => Reflect.InvokeMethod => RuntimeMethodInfo.Invoke => RuntimeMethodInfo.UnsafeInvokeInternal => RuntimeMethodHandle.InvokeMethod => FileIOUnitTests.ReadCSV_WhenCalled_CorrectDate => FileIO.ReadCSV	"System.IndexOutOfRangeException: Der Index war außerhalb des Arraybereichs.
   bei CIDER.LoadIO.FileIO.ReadCSV(DataProvider data, String path, IRead read) in H:\Dokumente\Diplomarbeit\Code\CIDER-Repository\dip-cider\CIDER\CIDER\LoadIO\FileIO.cs:Zeile 77."	
2019-09-09 17:33:15.9015	DEBUG	CSV ingestion finished.	CIDER.LoadIO.FileIO.ReadCSV	TestMethodCommand.Execute => TestMethodCommand.RunTestMethod => TestMethodCommand.RunNonAsyncTestMethod => MethodWrapper.Invoke => Reflect.InvokeMethod => RuntimeMethodInfo.Invoke => RuntimeMethodInfo.UnsafeInvokeInternal => RuntimeMethodHandle.InvokeMethod => FileIOUnitTests.ReadCSV_WhenCalled_CorrectDate => FileIO.ReadCSV		
2019-09-09 17:33:15.9184	DEBUG	Starting CSV ingestion.	CIDER.LoadIO.FileIO.ReadCSV	TestMethodCommand.Execute => TestMethodCommand.RunTestMethod => TestMethodCommand.RunNonAsyncTestMethod => MethodWrapper.Invoke => Reflect.InvokeMethod => RuntimeMethodInfo.Invoke => RuntimeMethodInfo.UnsafeInvokeInternal => RuntimeMethodHandle.InvokeMethod => FileIOUnitTests.ReadCSV_WhenCalled_CorrectPressure => FileIO.ReadCSV		
2019-09-09 17:33:15.9184	ERROR	Couldn't Convert to float	CIDER.LoadIO.FileIO.ReadCSV	TestMethodCommand.Execute => TestMethodCommand.RunTestMethod => TestMethodCommand.RunNonAsyncTestMethod => MethodWrapper.Invoke => Reflect.InvokeMethod => RuntimeMethodInfo.Invoke => RuntimeMethodInfo.UnsafeInvokeInternal => RuntimeMethodHandle.InvokeMethod => FileIOUnitTests.ReadCSV_WhenCalled_CorrectPressure => FileIO.ReadCSV	"System.IndexOutOfRangeException: Der Index war außerhalb des Arraybereichs.
   bei CIDER.LoadIO.FileIO.ReadCSV(DataProvider data, String path, IRead read) in H:\Dokumente\Diplomarbeit\Code\CIDER-Repository\dip-cider\CIDER\CIDER\LoadIO\FileIO.cs:Zeile 77."	
2019-09-09 17:33:15.9184	DEBUG	CSV ingestion finished.	CIDER.LoadIO.FileIO.ReadCSV	TestMethodCommand.Execute => TestMethodCommand.RunTestMethod => TestMethodCommand.RunNonAsyncTestMethod => MethodWrapper.Invoke => Reflect.InvokeMethod => RuntimeMethodInfo.Invoke => RuntimeMethodInfo.UnsafeInvokeInternal => RuntimeMethodHandle.InvokeMethod => FileIOUnitTests.ReadCSV_WhenCalled_CorrectPressure => FileIO.ReadCSV		
2019-09-09 17:33:15.9184	DEBUG	Starting CSV ingestion.	CIDER.LoadIO.FileIO.ReadCSV	TestMethodCommand.Execute => TestMethodCommand.RunTestMethod => TestMethodCommand.RunNonAsyncTestMethod => MethodWrapper.Invoke => Reflect.InvokeMethod => RuntimeMethodInfo.Invoke => RuntimeMethodInfo.UnsafeInvokeInternal => RuntimeMethodHandle.InvokeMethod => FileIOUnitTests.ReadCSV_WhenCalled_CorrectRouteName => FileIO.ReadCSV		
2019-09-09 17:33:15.9184	ERROR	Couldn't Convert to float	CIDER.LoadIO.FileIO.ReadCSV	TestMethodCommand.Execute => TestMethodCommand.RunTestMethod => TestMethodCommand.RunNonAsyncTestMethod => MethodWrapper.Invoke => Reflect.InvokeMethod => RuntimeMethodInfo.Invoke => RuntimeMethodInfo.UnsafeInvokeInternal => RuntimeMethodHandle.InvokeMethod => FileIOUnitTests.ReadCSV_WhenCalled_CorrectRouteName => FileIO.ReadCSV	"System.IndexOutOfRangeException: Der Index war außerhalb des Arraybereichs.
   bei CIDER.LoadIO.FileIO.ReadCSV(DataProvider data, String path, IRead read) in H:\Dokumente\Diplomarbeit\Code\CIDER-Repository\dip-cider\CIDER\CIDER\LoadIO\FileIO.cs:Zeile 77."	
2019-09-09 17:33:15.9184	DEBUG	CSV ingestion finished.	CIDER.LoadIO.FileIO.ReadCSV	TestMethodCommand.Execute => TestMethodCommand.RunTestMethod => TestMethodCommand.RunNonAsyncTestMethod => MethodWrapper.Invoke => Reflect.InvokeMethod => RuntimeMethodInfo.Invoke => RuntimeMethodInfo.UnsafeInvokeInternal => RuntimeMethodHandle.InvokeMethod => FileIOUnitTests.ReadCSV_WhenCalled_CorrectRouteName => FileIO.ReadCSV		
2019-09-09 17:33:15.9184	DEBUG	Starting CSV ingestion.	CIDER.LoadIO.FileIO.ReadCSV	TestMethodCommand.Execute => TestMethodCommand.RunTestMethod => TestMethodCommand.RunNonAsyncTestMethod => MethodWrapper.Invoke => Reflect.InvokeMethod => RuntimeMethodInfo.Invoke => RuntimeMethodInfo.UnsafeInvokeInternal => RuntimeMethodHandle.InvokeMethod => FileIOUnitTests.ReadCSV_WhenCalled_CorrectStartTime => FileIO.ReadCSV		
2019-09-09 17:33:15.9184	ERROR	Couldn't Convert to float	CIDER.LoadIO.FileIO.ReadCSV	TestMethodCommand.Execute => TestMethodCommand.RunTestMethod => TestMethodCommand.RunNonAsyncTestMethod => MethodWrapper.Invoke => Reflect.InvokeMethod => RuntimeMethodInfo.Invoke => RuntimeMethodInfo.UnsafeInvokeInternal => RuntimeMethodHandle.InvokeMethod => FileIOUnitTests.ReadCSV_WhenCalled_CorrectStartTime => FileIO.ReadCSV	"System.IndexOutOfRangeException: Der Index war außerhalb des Arraybereichs.
   bei CIDER.LoadIO.FileIO.ReadCSV(DataProvider data, String path, IRead read) in H:\Dokumente\Diplomarbeit\Code\CIDER-Repository\dip-cider\CIDER\CIDER\LoadIO\FileIO.cs:Zeile 77."	
2019-09-09 17:33:15.9184	DEBUG	CSV ingestion finished.	CIDER.LoadIO.FileIO.ReadCSV	TestMethodCommand.Execute => TestMethodCommand.RunTestMethod => TestMethodCommand.RunNonAsyncTestMethod => MethodWrapper.Invoke => Reflect.InvokeMethod => RuntimeMethodInfo.Invoke => RuntimeMethodInfo.UnsafeInvokeInternal => RuntimeMethodHandle.InvokeMethod => FileIOUnitTests.ReadCSV_WhenCalled_CorrectStartTime => FileIO.ReadCSV		
2019-09-09 17:33:15.9184	DEBUG	Starting CSV ingestion.	CIDER.LoadIO.FileIO.ReadCSV	TestMethodCommand.Execute => TestMethodCommand.RunTestMethod => TestMethodCommand.RunNonAsyncTestMethod => MethodWrapper.Invoke => Reflect.InvokeMethod => RuntimeMethodInfo.Invoke => RuntimeMethodInfo.UnsafeInvokeInternal => RuntimeMethodHandle.InvokeMethod => FileIOUnitTests.ReadCSV_WhenCalled_CorrectVelocity => FileIO.ReadCSV		
2019-09-09 17:33:15.9184	ERROR	Couldn't Convert to float	CIDER.LoadIO.FileIO.ReadCSV	TestMethodCommand.Execute => TestMethodCommand.RunTestMethod => TestMethodCommand.RunNonAsyncTestMethod => MethodWrapper.Invoke => Reflect.InvokeMethod => RuntimeMethodInfo.Invoke => RuntimeMethodInfo.UnsafeInvokeInternal => RuntimeMethodHandle.InvokeMethod => FileIOUnitTests.ReadCSV_WhenCalled_CorrectVelocity => FileIO.ReadCSV	"System.IndexOutOfRangeException: Der Index war außerhalb des Arraybereichs.
   bei CIDER.LoadIO.FileIO.ReadCSV(DataProvider data, String path, IRead read) in H:\Dokumente\Diplomarbeit\Code\CIDER-Repository\dip-cider\CIDER\CIDER\LoadIO\FileIO.cs:Zeile 77."	
2019-09-09 17:33:15.9184	DEBUG	CSV ingestion finished.	CIDER.LoadIO.FileIO.ReadCSV	TestMethodCommand.Execute => TestMethodCommand.RunTestMethod => TestMethodCommand.RunNonAsyncTestMethod => MethodWrapper.Invoke => Reflect.InvokeMethod => RuntimeMethodInfo.Invoke => RuntimeMethodInfo.UnsafeInvokeInternal => RuntimeMethodHandle.InvokeMethod => FileIOUnitTests.ReadCSV_WhenCalled_CorrectVelocity => FileIO.ReadCSV		
2019-09-09 17:33:15.9184	DEBUG	Starting NMEA ingestion.	CIDER.LoadIO.FileIO.ReadNmea	TestMethodCommand.Execute => TestMethodCommand.RunTestMethod => TestMethodCommand.RunNonAsyncTestMethod => MethodWrapper.Invoke => Reflect.InvokeMethod => RuntimeMethodInfo.Invoke => RuntimeMethodInfo.UnsafeInvokeInternal => RuntimeMethodHandle.InvokeMethod => FileIOUnitTests.ReadNmea_WhenCalled_CorrectSattelitesInUse => FileIO.ReadNmea		
2019-09-09 17:33:15.9184	INFO	0 parses failed.	CIDER.LoadIO.FileIO.GGA	TestMethodCommand.RunTestMethod => TestMethodCommand.RunNonAsyncTestMethod => MethodWrapper.Invoke => Reflect.InvokeMethod => RuntimeMethodInfo.Invoke => RuntimeMethodInfo.UnsafeInvokeInternal => RuntimeMethodHandle.InvokeMethod => FileIOUnitTests.ReadNmea_WhenCalled_CorrectSattelitesInUse => FileIO.ReadNmea => FileIO.GGA		
2019-09-09 17:33:15.9184	DEBUG	NMEA ingestion finished.	CIDER.LoadIO.FileIO.ReadNmea	TestMethodCommand.Execute => TestMethodCommand.RunTestMethod => TestMethodCommand.RunNonAsyncTestMethod => MethodWrapper.Invoke => Reflect.InvokeMethod => RuntimeMethodInfo.Invoke => RuntimeMethodInfo.UnsafeInvokeInternal => RuntimeMethodHandle.InvokeMethod => FileIOUnitTests.ReadNmea_WhenCalled_CorrectSattelitesInUse => FileIO.ReadNmea		
2019-09-09 17:33:15.9184	DEBUG	Starting NMEA ingestion.	CIDER.LoadIO.FileIO.ReadNmea	TestMethodCommand.Execute => TestMethodCommand.RunTestMethod => TestMethodCommand.RunNonAsyncTestMethod => MethodWrapper.Invoke => Reflect.InvokeMethod => RuntimeMethodInfo.Invoke => RuntimeMethodInfo.UnsafeInvokeInternal => RuntimeMethodHandle.InvokeMethod => FileIOUnitTests.ReadNmea_WhenCalled_CorrectTime => FileIO.ReadNmea		
2019-09-09 17:33:15.9184	INFO	0 parses failed.	CIDER.LoadIO.FileIO.GGA	TestMethodCommand.RunTestMethod => TestMethodCommand.RunNonAsyncTestMethod => MethodWrapper.Invoke => Reflect.InvokeMethod => RuntimeMethodInfo.Invoke => RuntimeMethodInfo.UnsafeInvokeInternal => RuntimeMethodHandle.InvokeMethod => FileIOUnitTests.ReadNmea_WhenCalled_CorrectTime => FileIO.ReadNmea => FileIO.GGA		
2019-09-09 17:33:15.9184	DEBUG	NMEA ingestion finished.	CIDER.LoadIO.FileIO.ReadNmea	TestMethodCommand.Execute => TestMethodCommand.RunTestMethod => TestMethodCommand.RunNonAsyncTestMethod => MethodWrapper.Invoke => Reflect.InvokeMethod => RuntimeMethodInfo.Invoke => RuntimeMethodInfo.UnsafeInvokeInternal => RuntimeMethodHandle.InvokeMethod => FileIOUnitTests.ReadNmea_WhenCalled_CorrectTime => FileIO.ReadNmea		
2019-09-09 17:33:15.9553	DEBUG	Select Clicked	CIDER.ViewModels.LoadViewModel.OnSelectClick	TestMethodCommand.RunTestMethod => TestMethodCommand.RunNonAsyncTestMethod => MethodWrapper.Invoke => Reflect.InvokeMethod => RuntimeMethodInfo.Invoke => RuntimeMethodInfo.UnsafeInvokeInternal => RuntimeMethodHandle.InvokeMethod => LoadViewModelUnitTests.LoadViewModel_OnSelectClicked_CallsFolderChecker => DelegateCommand.Execute => LoadViewModel.OnSelectClick		
2019-09-09 17:33:15.9553	DEBUG	Select Clicked	CIDER.ViewModels.LoadViewModel.OnSelectClick	TestMethodCommand.RunTestMethod => TestMethodCommand.RunNonAsyncTestMethod => MethodWrapper.Invoke => Reflect.InvokeMethod => RuntimeMethodInfo.Invoke => RuntimeMethodInfo.UnsafeInvokeInternal => RuntimeMethodHandle.InvokeMethod => LoadViewModelUnitTests.LoadViewModel_OnSelectClicked_CallsFolderSelector => DelegateCommand.Execute => LoadViewModel.OnSelectClick		
2019-09-09 17:33:15.9553	DEBUG	Getting folder name: return from path: return	CIDER.LoadIO.FolderChecker.GetFolderName	MethodWrapper.Invoke => Reflect.InvokeMethod => RuntimeMethodInfo.Invoke => RuntimeMethodInfo.UnsafeInvokeInternal => RuntimeMethodHandle.InvokeMethod => LoadViewModelUnitTests.LoadViewModel_OnSelectClicked_CallsFolderSelector => DelegateCommand.Execute => LoadViewModel.OnSelectClick => FolderChecker.IsCorrectFolder => FolderChecker.GetFolderName		
2019-09-09 17:33:15.9553	INFO	Folder return is invalid	CIDER.LoadIO.FolderChecker.IsCorrectFolder	TestMethodCommand.RunNonAsyncTestMethod => MethodWrapper.Invoke => Reflect.InvokeMethod => RuntimeMethodInfo.Invoke => RuntimeMethodInfo.UnsafeInvokeInternal => RuntimeMethodHandle.InvokeMethod => LoadViewModelUnitTests.LoadViewModel_OnSelectClicked_CallsFolderSelector => DelegateCommand.Execute => LoadViewModel.OnSelectClick => FolderChecker.IsCorrectFolder		
2019-09-09 17:33:15.9553	DEBUG	Select Clicked	CIDER.ViewModels.LoadViewModel.OnSelectClick	TestMethodCommand.RunTestMethod => TestMethodCommand.RunNonAsyncTestMethod => MethodWrapper.Invoke => Reflect.InvokeMethod => RuntimeMethodInfo.Invoke => RuntimeMethodInfo.UnsafeInvokeInternal => RuntimeMethodHandle.InvokeMethod => LoadViewModelUnitTests.LoadViewModel_OnSelectClicked_ReceivesStringOfSelectedFile => DelegateCommand.Execute => LoadViewModel.OnSelectClick		
2019-09-09 17:33:15.9633	DEBUG	Getting folder name: return from path: return	CIDER.LoadIO.FolderChecker.GetFolderName	MethodWrapper.Invoke => Reflect.InvokeMethod => RuntimeMethodInfo.Invoke => RuntimeMethodInfo.UnsafeInvokeInternal => RuntimeMethodHandle.InvokeMethod => LoadViewModelUnitTests.LoadViewModel_OnSelectClicked_ReceivesStringOfSelectedFile => DelegateCommand.Execute => LoadViewModel.OnSelectClick => FolderChecker.IsCorrectFolder => FolderChecker.GetFolderName		
2019-09-09 17:33:15.9633	INFO	Folder return is invalid	CIDER.LoadIO.FolderChecker.IsCorrectFolder	TestMethodCommand.RunNonAsyncTestMethod => MethodWrapper.Invoke => Reflect.InvokeMethod => RuntimeMethodInfo.Invoke => RuntimeMethodInfo.UnsafeInvokeInternal => RuntimeMethodHandle.InvokeMethod => LoadViewModelUnitTests.LoadViewModel_OnSelectClicked_ReceivesStringOfSelectedFile => DelegateCommand.Execute => LoadViewModel.OnSelectClick => FolderChecker.IsCorrectFolder		
2019-09-09 17:33:15.9633	DEBUG	Select Clicked	CIDER.ViewModels.LoadViewModel.OnSelectClick	TestMethodCommand.RunTestMethod => TestMethodCommand.RunNonAsyncTestMethod => MethodWrapper.Invoke => Reflect.InvokeMethod => RuntimeMethodInfo.Invoke => RuntimeMethodInfo.UnsafeInvokeInternal => RuntimeMethodHandle.InvokeMethod => LoadViewModelUnitTests.LoadViewModel_OnSelectClickedError_ReceivesSelectorError => DelegateCommand.Execute => LoadViewModel.OnSelectClick		
2019-09-09 17:33:15.9633	DEBUG	Getting folder name: return from path: return	CIDER.LoadIO.FolderChecker.GetFolderName	MethodWrapper.Invoke => Reflect.InvokeMethod => RuntimeMethodInfo.Invoke => RuntimeMethodInfo.UnsafeInvokeInternal => RuntimeMethodHandle.InvokeMethod => LoadViewModelUnitTests.LoadViewModel_OnSelectClickedError_ReceivesSelectorError => DelegateCommand.Execute => LoadViewModel.OnSelectClick => FolderChecker.IsCorrectFolder => FolderChecker.GetFolderName		
2019-09-09 17:33:15.9633	INFO	Folder return is invalid	CIDER.LoadIO.FolderChecker.IsCorrectFolder	TestMethodCommand.RunNonAsyncTestMethod => MethodWrapper.Invoke => Reflect.InvokeMethod => RuntimeMethodInfo.Invoke => RuntimeMethodInfo.UnsafeInvokeInternal => RuntimeMethodHandle.InvokeMethod => LoadViewModelUnitTests.LoadViewModel_OnSelectClickedError_ReceivesSelectorError => DelegateCommand.Execute => LoadViewModel.OnSelectClick => FolderChecker.IsCorrectFolder		
2019-09-09 17:33:15.9633	DEBUG	Select Clicked	CIDER.ViewModels.LoadViewModel.OnSelectClick	TestMethodCommand.RunTestMethod => TestMethodCommand.RunNonAsyncTestMethod => MethodWrapper.Invoke => Reflect.InvokeMethod => RuntimeMethodInfo.Invoke => RuntimeMethodInfo.UnsafeInvokeInternal => RuntimeMethodHandle.InvokeMethod => LoadViewModelUnitTests.LoadViewModel_OnSelectClickedError_ReceivesSelectorError => DelegateCommand.Execute => LoadViewModel.OnSelectClick		
2019-09-09 17:33:15.9633	DEBUG	File Dialog Exited	CIDER.ViewModels.LoadViewModel.OnSelectClick	TestMethodCommand.RunTestMethod => TestMethodCommand.RunNonAsyncTestMethod => MethodWrapper.Invoke => Reflect.InvokeMethod => RuntimeMethodInfo.Invoke => RuntimeMethodInfo.UnsafeInvokeInternal => RuntimeMethodHandle.InvokeMethod => LoadViewModelUnitTests.LoadViewModel_OnSelectClickedError_ReceivesSelectorError => DelegateCommand.Execute => LoadViewModel.OnSelectClick	"CIDER.FileDialogExitedException: Eine Ausnahme vom Typ ""CIDER.FileDialogExitedException"" wurde ausgelöst.
   bei CIDER.UnitTests.FolderManager.SelectFolder() in H:\Dokumente\Diplomarbeit\Code\CIDER-Repository\dip-cider\CIDER\CIDER.UnitTests\LoadViewModelUnitTests.cs:Zeile 146.
   bei CIDER.ViewModels.LoadViewModel.OnSelectClick(Object sender) in H:\Dokumente\Diplomarbeit\Code\CIDER-Repository\dip-cider\CIDER\CIDER\ViewModels\LoadViewModel.cs:Zeile 52."	
2019-09-09 17:33:15.9942	DEBUG	Select Clicked	CIDER.ViewModels.LoadViewModel.OnSelectClick	TestMethodCommand.RunTestMethod => TestMethodCommand.RunNonAsyncTestMethod => MethodWrapper.Invoke => Reflect.InvokeMethod => RuntimeMethodInfo.Invoke => RuntimeMethodInfo.UnsafeInvokeInternal => RuntimeMethodHandle.InvokeMethod => LoadViewModelUnitTests.LoadViewModel_OnSelectClickekCorrectFolder_SetsCheckmark => DelegateCommand.Execute => LoadViewModel.OnSelectClick		
2019-09-09 17:33:15.9942	DEBUG	Select Clicked	CIDER.ViewModels.LoadViewModel.OnSelectClick	TestMethodCommand.RunTestMethod => TestMethodCommand.RunNonAsyncTestMethod => MethodWrapper.Invoke => Reflect.InvokeMethod => RuntimeMethodInfo.Invoke => RuntimeMethodInfo.UnsafeInvokeInternal => RuntimeMethodHandle.InvokeMethod => LoadViewModelUnitTests.LoadViewModel_OnSelectClickekWrongFolder_SetsBlocked => DelegateCommand.Execute => LoadViewModel.OnSelectClick		
